26-Feb-2021 19:17:48.221 심각 [ajp-nio-8878-exec-7] org.apache.tomcat.util.net.NioEndpoint$SocketProcessor.doRun 
 java.lang.OutOfMemoryError: GC overhead limit exceeded
	at java.nio.HeapByteBuffer.<init>(HeapByteBuffer.java:57)
	at java.nio.ByteBuffer.allocate(ByteBuffer.java:331)
	at java.nio.charset.CharsetEncoder.encode(CharsetEncoder.java:777)
	at java.nio.charset.Charset.encode(Charset.java:842)
	at java.nio.charset.Charset.encode(Charset.java:865)
	at org.apache.tomcat.util.buf.MessageBytes.toBytes(MessageBytes.java:229)
	at org.apache.coyote.ajp.AjpMessage.appendBytes(AjpMessage.java:162)
	at org.apache.coyote.ajp.AbstractAjpProcessor.prepareResponse(AbstractAjpProcessor.java:1581)
	at org.apache.coyote.ajp.AbstractAjpProcessor.action(AbstractAjpProcessor.java:400)
	at org.apache.coyote.Response.action(Response.java:179)
	at org.apache.coyote.Response.sendHeaders(Response.java:350)
	at org.apache.catalina.connector.OutputBuffer.doFlush(OutputBuffer.java:338)
	at org.apache.catalina.connector.OutputBuffer.close(OutputBuffer.java:298)
	at org.apache.catalina.connector.Response.finishResponse(Response.java:439)
	at org.apache.catalina.connector.CoyoteAdapter.service(CoyoteAdapter.java:547)
	at org.apache.coyote.ajp.AbstractAjpProcessor.process(AbstractAjpProcessor.java:877)
	at org.apache.coyote.AbstractProtocol$AbstractConnectionHandler.process(AbstractProtocol.java:684)
	at org.apache.tomcat.util.net.NioEndpoint$SocketProcessor.doRun(NioEndpoint.java:1539)
	at org.apache.tomcat.util.net.NioEndpoint$SocketProcessor.run(NioEndpoint.java:1495)
	at java.util.concurrent.ThreadPoolExecutor.runWorker(ThreadPoolExecutor.java:1145)
	at java.util.concurrent.ThreadPoolExecutor$Worker.run(ThreadPoolExecutor.java:615)
	at org.apache.tomcat.util.threads.TaskThread$WrappingRunnable.run(TaskThread.java:61)
	at java.lang.Thread.run(Thread.java:745)

26-Feb-2021 19:17:53.264 심각 [ajp-nio-8878-exec-8] org.apache.catalina.core.StandardWrapperValve.invoke Servlet.service() for servlet [action] in context with path [] threw exception [Handler processing failed; nested exception is java.lang.OutOfMemoryError: GC overhead limit exceeded] with root cause
 java.lang.OutOfMemoryError: GC overhead limit exceeded

26-Feb-2021 19:18:07.948 심각 [ajp-nio-8878-ClientPoller-0] org.apache.tomcat.util.net.NioEndpoint$Poller.run 
 java.lang.OutOfMemoryError: GC overhead limit exceeded

26-Feb-2021 19:18:11.782 심각 [ajp-nio-8878-exec-34] org.apache.tomcat.util.net.NioEndpoint$SocketProcessor.doRun 
 java.lang.OutOfMemoryError: GC overhead limit exceeded

26-Feb-2021 19:18:12.898 심각 [ajp-nio-8878-ClientPoller-0] org.apache.tomcat.util.net.NioEndpoint$Poller.run 
 java.lang.OutOfMemoryError: Java heap space

26-Feb-2021 19:18:12.898 심각 [ajp-nio-8878-ClientPoller-1] org.apache.tomcat.util.net.NioEndpoint$Poller.run 
 java.lang.OutOfMemoryError: Java heap space

26-Feb-2021 19:18:14.349 심각 [ajp-nio-8878-ClientPoller-0] org.apache.tomcat.util.net.NioEndpoint$Poller.run 
 java.lang.OutOfMemoryError: Java heap space

26-Feb-2021 19:18:14.629 심각 [ajp-nio-8878-ClientPoller-1] org.apache.tomcat.util.net.NioEndpoint$Poller.run 
 java.lang.OutOfMemoryError: Java heap space

26-Feb-2021 19:18:14.833 심각 [ajp-nio-8878-ClientPoller-0] org.apache.tomcat.util.net.NioEndpoint$Poller.run 
 java.lang.OutOfMemoryError: GC overhead limit exceeded

26-Feb-2021 19:18:16.231 심각 [ajp-nio-8878-ClientPoller-1] org.apache.tomcat.util.net.NioEndpoint$Poller.run 
 java.lang.OutOfMemoryError: Java heap space

26-Feb-2021 19:18:20.186 심각 [ajp-nio-8878-exec-43] org.apache.catalina.core.ApplicationDispatcher.invoke Servlet.service() for servlet jsp threw exception
 java.lang.OutOfMemoryError: Java heap space

26-Feb-2021 19:18:20.186 심각 [ajp-nio-8878-exec-42] org.apache.catalina.core.ApplicationDispatcher.invoke Servlet.service() for servlet jsp threw exception
 java.lang.OutOfMemoryError: Java heap space

26-Feb-2021 19:18:20.186 심각 [ajp-nio-8878-exec-43] org.apache.catalina.core.StandardWrapperValve.invoke Servlet.service() for servlet [action] in context with path [] threw exception [javax.servlet.ServletException: java.lang.OutOfMemoryError: Java heap space] with root cause
 java.lang.OutOfMemoryError: Java heap space

26-Feb-2021 19:18:20.186 심각 [ajp-nio-8878-exec-42] org.apache.catalina.core.StandardWrapperValve.invoke Servlet.service() for servlet [action] in context with path [] threw exception [javax.servlet.ServletException: java.lang.OutOfMemoryError: Java heap space] with root cause
 java.lang.OutOfMemoryError: Java heap space

26-Feb-2021 19:18:26.326 심각 [ajp-nio-8878-exec-2] org.apache.catalina.core.ApplicationDispatcher.invoke Servlet.service() for servlet jsp threw exception
 org.apache.jasper.JasperException: /common/error.jsp (line: 4, column: 0) java.io.FileNotFoundException: /www/phomein_com/www/WEB-INF/lib/spring-webmvc-4.3.16.RELEASE.jar (그런 파일이나 디렉터리가 없습니다)
	at org.apache.jasper.compiler.DefaultErrorHandler.jspError(DefaultErrorHandler.java:41)
	at org.apache.jasper.compiler.ErrorDispatcher.dispatch(ErrorDispatcher.java:275)
	at org.apache.jasper.compiler.ErrorDispatcher.jspError(ErrorDispatcher.java:91)
	at org.apache.jasper.compiler.Parser.processIncludeDirective(Parser.java:335)
	at org.apache.jasper.compiler.Parser.parseIncludeDirective(Parser.java:368)
	at org.apache.jasper.compiler.Parser.parseDirective(Parser.java:471)
	at org.apache.jasper.compiler.Parser.parseElements(Parser.java:1435)
	at org.apache.jasper.compiler.Parser.parse(Parser.java:139)
	at org.apache.jasper.compiler.ParserController.doParse(ParserController.java:227)
	at org.apache.jasper.compiler.ParserController.parse(ParserController.java:100)
	at org.apache.jasper.compiler.Compiler.generateJava(Compiler.java:201)
	at org.apache.jasper.compiler.Compiler.compile(Compiler.java:358)
	at org.apache.jasper.compiler.Compiler.compile(Compiler.java:338)
	at org.apache.jasper.compiler.Compiler.compile(Compiler.java:325)
	at org.apache.jasper.JspCompilationContext.compile(JspCompilationContext.java:586)
	at org.apache.jasper.servlet.JspServletWrapper.service(JspServletWrapper.java:363)
	at org.apache.jasper.servlet.JspServlet.serviceJspFile(JspServlet.java:396)
	at org.apache.jasper.servlet.JspServlet.service(JspServlet.java:340)
	at javax.servlet.http.HttpServlet.service(HttpServlet.java:729)
	at org.apache.catalina.core.ApplicationFilterChain.internalDoFilter(ApplicationFilterChain.java:292)
	at org.apache.catalina.core.ApplicationFilterChain.doFilter(ApplicationFilterChain.java:207)
	at org.apache.catalina.core.ApplicationDispatcher.invoke(ApplicationDispatcher.java:716)
	at org.apache.catalina.core.ApplicationDispatcher.processRequest(ApplicationDispatcher.java:468)
	at org.apache.catalina.core.ApplicationDispatcher.doForward(ApplicationDispatcher.java:391)
	at org.apache.catalina.core.ApplicationDispatcher.forward(ApplicationDispatcher.java:318)
	at org.apache.catalina.core.StandardHostValve.custom(StandardHostValve.java:442)
	at org.apache.catalina.core.StandardHostValve.status(StandardHostValve.java:301)
	at org.apache.catalina.core.StandardHostValve.invoke(StandardHostValve.java:178)
	at org.apache.catalina.valves.ErrorReportValve.invoke(ErrorReportValve.java:79)
	at org.apache.catalina.core.StandardEngineValve.invoke(StandardEngineValve.java:88)
	at org.apache.catalina.connector.CoyoteAdapter.service(CoyoteAdapter.java:502)
	at org.apache.coyote.ajp.AbstractAjpProcessor.process(AbstractAjpProcessor.java:877)
	at org.apache.coyote.AbstractProtocol$AbstractConnectionHandler.process(AbstractProtocol.java:684)
	at org.apache.tomcat.util.net.NioEndpoint$SocketProcessor.doRun(NioEndpoint.java:1539)
	at org.apache.tomcat.util.net.NioEndpoint$SocketProcessor.run(NioEndpoint.java:1495)
	at java.util.concurrent.ThreadPoolExecutor.runWorker(ThreadPoolExecutor.java:1145)
	at java.util.concurrent.ThreadPoolExecutor$Worker.run(ThreadPoolExecutor.java:615)
	at org.apache.tomcat.util.threads.TaskThread$WrappingRunnable.run(TaskThread.java:61)
	at java.lang.Thread.run(Thread.java:745)

26-Feb-2021 19:18:26.327 심각 [ajp-nio-8878-exec-2] org.apache.catalina.core.StandardHostValve.custom Exception Processing ErrorPage[errorCode=404, location=/common/error.jsp]
 org.apache.jasper.JasperException: /common/error.jsp (line: 4, column: 0) java.io.FileNotFoundException: /www/phomein_com/www/WEB-INF/lib/spring-webmvc-4.3.16.RELEASE.jar (그런 파일이나 디렉터리가 없습니다)
	at org.apache.jasper.compiler.DefaultErrorHandler.jspError(DefaultErrorHandler.java:41)
	at org.apache.jasper.compiler.ErrorDispatcher.dispatch(ErrorDispatcher.java:275)
	at org.apache.jasper.compiler.ErrorDispatcher.jspError(ErrorDispatcher.java:91)
	at org.apache.jasper.compiler.Parser.processIncludeDirective(Parser.java:335)
	at org.apache.jasper.compiler.Parser.parseIncludeDirective(Parser.java:368)
	at org.apache.jasper.compiler.Parser.parseDirective(Parser.java:471)
	at org.apache.jasper.compiler.Parser.parseElements(Parser.java:1435)
	at org.apache.jasper.compiler.Parser.parse(Parser.java:139)
	at org.apache.jasper.compiler.ParserController.doParse(ParserController.java:227)
	at org.apache.jasper.compiler.ParserController.parse(ParserController.java:100)
	at org.apache.jasper.compiler.Compiler.generateJava(Compiler.java:201)
	at org.apache.jasper.compiler.Compiler.compile(Compiler.java:358)
	at org.apache.jasper.compiler.Compiler.compile(Compiler.java:338)
	at org.apache.jasper.compiler.Compiler.compile(Compiler.java:325)
	at org.apache.jasper.JspCompilationContext.compile(JspCompilationContext.java:586)
	at org.apache.jasper.servlet.JspServletWrapper.service(JspServletWrapper.java:363)
	at org.apache.jasper.servlet.JspServlet.serviceJspFile(JspServlet.java:396)
	at org.apache.jasper.servlet.JspServlet.service(JspServlet.java:340)
	at javax.servlet.http.HttpServlet.service(HttpServlet.java:729)
	at org.apache.catalina.core.ApplicationFilterChain.internalDoFilter(ApplicationFilterChain.java:292)
	at org.apache.catalina.core.ApplicationFilterChain.doFilter(ApplicationFilterChain.java:207)
	at org.apache.catalina.core.ApplicationDispatcher.invoke(ApplicationDispatcher.java:716)
	at org.apache.catalina.core.ApplicationDispatcher.processRequest(ApplicationDispatcher.java:468)
	at org.apache.catalina.core.ApplicationDispatcher.doForward(ApplicationDispatcher.java:391)
	at org.apache.catalina.core.ApplicationDispatcher.forward(ApplicationDispatcher.java:318)
	at org.apache.catalina.core.StandardHostValve.custom(StandardHostValve.java:442)
	at org.apache.catalina.core.StandardHostValve.status(StandardHostValve.java:301)
	at org.apache.catalina.core.StandardHostValve.invoke(StandardHostValve.java:178)
	at org.apache.catalina.valves.ErrorReportValve.invoke(ErrorReportValve.java:79)
	at org.apache.catalina.core.StandardEngineValve.invoke(StandardEngineValve.java:88)
	at org.apache.catalina.connector.CoyoteAdapter.service(CoyoteAdapter.java:502)
	at org.apache.coyote.ajp.AbstractAjpProcessor.process(AbstractAjpProcessor.java:877)
	at org.apache.coyote.AbstractProtocol$AbstractConnectionHandler.process(AbstractProtocol.java:684)
	at org.apache.tomcat.util.net.NioEndpoint$SocketProcessor.doRun(NioEndpoint.java:1539)
	at org.apache.tomcat.util.net.NioEndpoint$SocketProcessor.run(NioEndpoint.java:1495)
	at java.util.concurrent.ThreadPoolExecutor.runWorker(ThreadPoolExecutor.java:1145)
	at java.util.concurrent.ThreadPoolExecutor$Worker.run(ThreadPoolExecutor.java:615)
	at org.apache.tomcat.util.threads.TaskThread$WrappingRunnable.run(TaskThread.java:61)
	at java.lang.Thread.run(Thread.java:745)

26-Feb-2021 19:18:26.334 심각 [ajp-nio-8878-exec-15] org.apache.catalina.core.ApplicationDispatcher.invoke Servlet.service() for servlet jsp threw exception
 org.apache.jasper.JasperException: /common/error.jsp (line: 4, column: 0) java.io.FileNotFoundException: /www/phomein_com/www/WEB-INF/lib/spring-webmvc-4.3.16.RELEASE.jar (그런 파일이나 디렉터리가 없습니다)
	at org.apache.jasper.compiler.DefaultErrorHandler.jspError(DefaultErrorHandler.java:41)
	at org.apache.jasper.compiler.ErrorDispatcher.dispatch(ErrorDispatcher.java:275)
	at org.apache.jasper.compiler.ErrorDispatcher.jspError(ErrorDispatcher.java:91)
	at org.apache.jasper.compiler.Parser.processIncludeDirective(Parser.java:335)
	at org.apache.jasper.compiler.Parser.parseIncludeDirective(Parser.java:368)
	at org.apache.jasper.compiler.Parser.parseDirective(Parser.java:471)
	at org.apache.jasper.compiler.Parser.parseElements(Parser.java:1435)
	at org.apache.jasper.compiler.Parser.parse(Parser.java:139)
	at org.apache.jasper.compiler.ParserController.doParse(ParserController.java:227)
	at org.apache.jasper.compiler.ParserController.parse(ParserController.java:100)
	at org.apache.jasper.compiler.Compiler.generateJava(Compiler.java:201)
	at org.apache.jasper.compiler.Compiler.compile(Compiler.java:358)
	at org.apache.jasper.compiler.Compiler.compile(Compiler.java:338)
	at org.apache.jasper.compiler.Compiler.compile(Compiler.java:325)
	at org.apache.jasper.JspCompilationContext.compile(JspCompilationContext.java:586)
	at org.apache.jasper.servlet.JspServletWrapper.service(JspServletWrapper.java:363)
	at org.apache.jasper.servlet.JspServlet.serviceJspFile(JspServlet.java:396)
	at org.apache.jasper.servlet.JspServlet.service(JspServlet.java:340)
	at javax.servlet.http.HttpServlet.service(HttpServlet.java:729)
	at org.apache.catalina.core.ApplicationFilterChain.internalDoFilter(ApplicationFilterChain.java:292)
	at org.apache.catalina.core.ApplicationFilterChain.doFilter(ApplicationFilterChain.java:207)
	at org.apache.catalina.core.ApplicationDispatcher.invoke(ApplicationDispatcher.java:716)
	at org.apache.catalina.core.ApplicationDispatcher.processRequest(ApplicationDispatcher.java:468)
	at org.apache.catalina.core.ApplicationDispatcher.doForward(ApplicationDispatcher.java:391)
	at org.apache.catalina.core.ApplicationDispatcher.forward(ApplicationDispatcher.java:318)
	at org.apache.catalina.core.StandardHostValve.custom(StandardHostValve.java:442)
	at org.apache.catalina.core.StandardHostValve.status(StandardHostValve.java:301)
	at org.apache.catalina.core.StandardHostValve.invoke(StandardHostValve.java:178)
	at org.apache.catalina.valves.ErrorReportValve.invoke(ErrorReportValve.java:79)
	at org.apache.catalina.core.StandardEngineValve.invoke(StandardEngineValve.java:88)
	at org.apache.catalina.connector.CoyoteAdapter.service(CoyoteAdapter.java:502)
	at org.apache.coyote.ajp.AbstractAjpProcessor.process(AbstractAjpProcessor.java:877)
	at org.apache.coyote.AbstractProtocol$AbstractConnectionHandler.process(AbstractProtocol.java:684)
	at org.apache.tomcat.util.net.NioEndpoint$SocketProcessor.doRun(NioEndpoint.java:1539)
	at org.apache.tomcat.util.net.NioEndpoint$SocketProcessor.run(NioEndpoint.java:1495)
	at java.util.concurrent.ThreadPoolExecutor.runWorker(ThreadPoolExecutor.java:1145)
	at java.util.concurrent.ThreadPoolExecutor$Worker.run(ThreadPoolExecutor.java:615)
	at org.apache.tomcat.util.threads.TaskThread$WrappingRunnable.run(TaskThread.java:61)
	at java.lang.Thread.run(Thread.java:745)

26-Feb-2021 19:18:26.596 심각 [ajp-nio-8878-exec-15] org.apache.catalina.core.StandardHostValve.custom Exception Processing ErrorPage[errorCode=404, location=/common/error.jsp]
 org.apache.jasper.JasperException: /common/error.jsp (line: 4, column: 0) java.io.FileNotFoundException: /www/phomein_com/www/WEB-INF/lib/spring-webmvc-4.3.16.RELEASE.jar (그런 파일이나 디렉터리가 없습니다)
	at org.apache.jasper.compiler.DefaultErrorHandler.jspError(DefaultErrorHandler.java:41)
	at org.apache.jasper.compiler.ErrorDispatcher.dispatch(ErrorDispatcher.java:275)
	at org.apache.jasper.compiler.ErrorDispatcher.jspError(ErrorDispatcher.java:91)
	at org.apache.jasper.compiler.Parser.processIncludeDirective(Parser.java:335)
	at org.apache.jasper.compiler.Parser.parseIncludeDirective(Parser.java:368)
	at org.apache.jasper.compiler.Parser.parseDirective(Parser.java:471)
	at org.apache.jasper.compiler.Parser.parseElements(Parser.java:1435)
	at org.apache.jasper.compiler.Parser.parse(Parser.java:139)
	at org.apache.jasper.compiler.ParserController.doParse(ParserController.java:227)
	at org.apache.jasper.compiler.ParserController.parse(ParserController.java:100)
	at org.apache.jasper.compiler.Compiler.generateJava(Compiler.java:201)
	at org.apache.jasper.compiler.Compiler.compile(Compiler.java:358)
	at org.apache.jasper.compiler.Compiler.compile(Compiler.java:338)
	at org.apache.jasper.compiler.Compiler.compile(Compiler.java:325)
	at org.apache.jasper.JspCompilationContext.compile(JspCompilationContext.java:586)
	at org.apache.jasper.servlet.JspServletWrapper.service(JspServletWrapper.java:363)
	at org.apache.jasper.servlet.JspServlet.serviceJspFile(JspServlet.java:396)
	at org.apache.jasper.servlet.JspServlet.service(JspServlet.java:340)
	at javax.servlet.http.HttpServlet.service(HttpServlet.java:729)
	at org.apache.catalina.core.ApplicationFilterChain.internalDoFilter(ApplicationFilterChain.java:292)
	at org.apache.catalina.core.ApplicationFilterChain.doFilter(ApplicationFilterChain.java:207)
	at org.apache.catalina.core.ApplicationDispatcher.invoke(ApplicationDispatcher.java:716)
	at org.apache.catalina.core.ApplicationDispatcher.processRequest(ApplicationDispatcher.java:468)
	at org.apache.catalina.core.ApplicationDispatcher.doForward(ApplicationDispatcher.java:391)
	at org.apache.catalina.core.ApplicationDispatcher.forward(ApplicationDispatcher.java:318)
	at org.apache.catalina.core.StandardHostValve.custom(StandardHostValve.java:442)
	at org.apache.catalina.core.StandardHostValve.status(StandardHostValve.java:301)
	at org.apache.catalina.core.StandardHostValve.invoke(StandardHostValve.java:178)
	at org.apache.catalina.valves.ErrorReportValve.invoke(ErrorReportValve.java:79)
	at org.apache.catalina.core.StandardEngineValve.invoke(StandardEngineValve.java:88)
	at org.apache.catalina.connector.CoyoteAdapter.service(CoyoteAdapter.java:502)
	at org.apache.coyote.ajp.AbstractAjpProcessor.process(AbstractAjpProcessor.java:877)
	at org.apache.coyote.AbstractProtocol$AbstractConnectionHandler.process(AbstractProtocol.java:684)
	at org.apache.tomcat.util.net.NioEndpoint$SocketProcessor.doRun(NioEndpoint.java:1539)
	at org.apache.tomcat.util.net.NioEndpoint$SocketProcessor.run(NioEndpoint.java:1495)
	at java.util.concurrent.ThreadPoolExecutor.runWorker(ThreadPoolExecutor.java:1145)
	at java.util.concurrent.ThreadPoolExecutor$Worker.run(ThreadPoolExecutor.java:615)
	at org.apache.tomcat.util.threads.TaskThread$WrappingRunnable.run(TaskThread.java:61)
	at java.lang.Thread.run(Thread.java:745)

26-Feb-2021 19:18:26.600 심각 [ajp-nio-8878-exec-39] org.apache.catalina.core.ApplicationDispatcher.invoke Servlet.service() for servlet jsp threw exception
 org.apache.jasper.JasperException: /common/error.jsp (line: 4, column: 0) java.io.FileNotFoundException: /www/phomein_com/www/WEB-INF/lib/spring-webmvc-4.3.16.RELEASE.jar (그런 파일이나 디렉터리가 없습니다)
	at org.apache.jasper.compiler.DefaultErrorHandler.jspError(DefaultErrorHandler.java:41)
	at org.apache.jasper.compiler.ErrorDispatcher.dispatch(ErrorDispatcher.java:275)
	at org.apache.jasper.compiler.ErrorDispatcher.jspError(ErrorDispatcher.java:91)
	at org.apache.jasper.compiler.Parser.processIncludeDirective(Parser.java:335)
	at org.apache.jasper.compiler.Parser.parseIncludeDirective(Parser.java:368)
	at org.apache.jasper.compiler.Parser.parseDirective(Parser.java:471)
	at org.apache.jasper.compiler.Parser.parseElements(Parser.java:1435)
	at org.apache.jasper.compiler.Parser.parse(Parser.java:139)
	at org.apache.jasper.compiler.ParserController.doParse(ParserController.java:227)
	at org.apache.jasper.compiler.ParserController.parse(ParserController.java:100)
	at org.apache.jasper.compiler.Compiler.generateJava(Compiler.java:201)
	at org.apache.jasper.compiler.Compiler.compile(Compiler.java:358)
	at org.apache.jasper.compiler.Compiler.compile(Compiler.java:338)
	at org.apache.jasper.compiler.Compiler.compile(Compiler.java:325)
	at org.apache.jasper.JspCompilationContext.compile(JspCompilationContext.java:586)
	at org.apache.jasper.servlet.JspServletWrapper.service(JspServletWrapper.java:363)
	at org.apache.jasper.servlet.JspServlet.serviceJspFile(JspServlet.java:396)
	at org.apache.jasper.servlet.JspServlet.service(JspServlet.java:340)
	at javax.servlet.http.HttpServlet.service(HttpServlet.java:729)
	at org.apache.catalina.core.ApplicationFilterChain.internalDoFilter(ApplicationFilterChain.java:292)
	at org.apache.catalina.core.ApplicationFilterChain.doFilter(ApplicationFilterChain.java:207)
	at org.apache.catalina.core.ApplicationDispatcher.invoke(ApplicationDispatcher.java:716)
	at org.apache.catalina.core.ApplicationDispatcher.processRequest(ApplicationDispatcher.java:468)
	at org.apache.catalina.core.ApplicationDispatcher.doForward(ApplicationDispatcher.java:391)
	at org.apache.catalina.core.ApplicationDispatcher.forward(ApplicationDispatcher.java:318)
	at org.apache.catalina.core.StandardHostValve.custom(StandardHostValve.java:442)
	at org.apache.catalina.core.StandardHostValve.status(StandardHostValve.java:301)
	at org.apache.catalina.core.StandardHostValve.invoke(StandardHostValve.java:178)
	at org.apache.catalina.valves.ErrorReportValve.invoke(ErrorReportValve.java:79)
	at org.apache.catalina.core.StandardEngineValve.invoke(StandardEngineValve.java:88)
	at org.apache.catalina.connector.CoyoteAdapter.service(CoyoteAdapter.java:502)
	at org.apache.coyote.ajp.AbstractAjpProcessor.process(AbstractAjpProcessor.java:877)
	at org.apache.coyote.AbstractProtocol$AbstractConnectionHandler.process(AbstractProtocol.java:684)
	at org.apache.tomcat.util.net.NioEndpoint$SocketProcessor.doRun(NioEndpoint.java:1539)
	at org.apache.tomcat.util.net.NioEndpoint$SocketProcessor.run(NioEndpoint.java:1495)
	at java.util.concurrent.ThreadPoolExecutor.runWorker(ThreadPoolExecutor.java:1145)
	at java.util.concurrent.ThreadPoolExecutor$Worker.run(ThreadPoolExecutor.java:615)
	at org.apache.tomcat.util.threads.TaskThread$WrappingRunnable.run(TaskThread.java:61)
	at java.lang.Thread.run(Thread.java:745)

26-Feb-2021 19:18:26.601 심각 [ajp-nio-8878-exec-51] org.apache.catalina.core.ApplicationDispatcher.invoke Servlet.service() for servlet jsp threw exception
 java.lang.ClassNotFoundException: org.apache.jsp.common.error_jsp
	at java.net.URLClassLoader$1.run(URLClassLoader.java:366)
	at java.net.URLClassLoader$1.run(URLClassLoader.java:355)
	at java.security.AccessController.doPrivileged(Native Method)
	at java.net.URLClassLoader.findClass(URLClassLoader.java:354)
	at org.apache.jasper.servlet.JasperLoader.loadClass(JasperLoader.java:131)
	at org.apache.jasper.servlet.JasperLoader.loadClass(JasperLoader.java:62)
	at org.apache.catalina.core.DefaultInstanceManager.newInstance(DefaultInstanceManager.java:127)
	at org.apache.jasper.servlet.JspServletWrapper.getServlet(JspServletWrapper.java:171)
	at org.apache.jasper.servlet.JspServletWrapper.service(JspServletWrapper.java:375)
	at org.apache.jasper.servlet.JspServlet.serviceJspFile(JspServlet.java:396)
	at org.apache.jasper.servlet.JspServlet.service(JspServlet.java:340)
	at javax.servlet.http.HttpServlet.service(HttpServlet.java:729)
	at org.apache.catalina.core.ApplicationFilterChain.internalDoFilter(ApplicationFilterChain.java:292)
	at org.apache.catalina.core.ApplicationFilterChain.doFilter(ApplicationFilterChain.java:207)
	at org.apache.catalina.core.ApplicationDispatcher.invoke(ApplicationDispatcher.java:716)
	at org.apache.catalina.core.ApplicationDispatcher.processRequest(ApplicationDispatcher.java:468)
	at org.apache.catalina.core.ApplicationDispatcher.doForward(ApplicationDispatcher.java:391)
	at org.apache.catalina.core.ApplicationDispatcher.forward(ApplicationDispatcher.java:318)
	at org.apache.catalina.core.StandardHostValve.custom(StandardHostValve.java:442)
	at org.apache.catalina.core.StandardHostValve.status(StandardHostValve.java:301)
	at org.apache.catalina.core.StandardHostValve.invoke(StandardHostValve.java:178)
	at org.apache.catalina.valves.ErrorReportValve.invoke(ErrorReportValve.java:79)
	at org.apache.catalina.core.StandardEngineValve.invoke(StandardEngineValve.java:88)
	at org.apache.catalina.connector.CoyoteAdapter.service(CoyoteAdapter.java:502)
	at org.apache.coyote.ajp.AbstractAjpProcessor.process(AbstractAjpProcessor.java:877)
	at org.apache.coyote.AbstractProtocol$AbstractConnectionHandler.process(AbstractProtocol.java:684)
	at org.apache.tomcat.util.net.NioEndpoint$SocketProcessor.doRun(NioEndpoint.java:1539)
	at org.apache.tomcat.util.net.NioEndpoint$SocketProcessor.run(NioEndpoint.java:1495)
	at java.util.concurrent.ThreadPoolExecutor.runWorker(ThreadPoolExecutor.java:1145)
	at java.util.concurrent.ThreadPoolExecutor$Worker.run(ThreadPoolExecutor.java:615)
	at org.apache.tomcat.util.threads.TaskThread$WrappingRunnable.run(TaskThread.java:61)
	at java.lang.Thread.run(Thread.java:745)

26-Feb-2021 19:18:26.601 심각 [ajp-nio-8878-exec-39] org.apache.catalina.core.StandardHostValve.custom Exception Processing ErrorPage[errorCode=404, location=/common/error.jsp]
 org.apache.jasper.JasperException: /common/error.jsp (line: 4, column: 0) java.io.FileNotFoundException: /www/phomein_com/www/WEB-INF/lib/spring-webmvc-4.3.16.RELEASE.jar (그런 파일이나 디렉터리가 없습니다)
	at org.apache.jasper.compiler.DefaultErrorHandler.jspError(DefaultErrorHandler.java:41)
	at org.apache.jasper.compiler.ErrorDispatcher.dispatch(ErrorDispatcher.java:275)
	at org.apache.jasper.compiler.ErrorDispatcher.jspError(ErrorDispatcher.java:91)
	at org.apache.jasper.compiler.Parser.processIncludeDirective(Parser.java:335)
	at org.apache.jasper.compiler.Parser.parseIncludeDirective(Parser.java:368)
	at org.apache.jasper.compiler.Parser.parseDirective(Parser.java:471)
	at org.apache.jasper.compiler.Parser.parseElements(Parser.java:1435)
	at org.apache.jasper.compiler.Parser.parse(Parser.java:139)
	at org.apache.jasper.compiler.ParserController.doParse(ParserController.java:227)
	at org.apache.jasper.compiler.ParserController.parse(ParserController.java:100)
	at org.apache.jasper.compiler.Compiler.generateJava(Compiler.java:201)
	at org.apache.jasper.compiler.Compiler.compile(Compiler.java:358)
	at org.apache.jasper.compiler.Compiler.compile(Compiler.java:338)
	at org.apache.jasper.compiler.Compiler.compile(Compiler.java:325)
	at org.apache.jasper.JspCompilationContext.compile(JspCompilationContext.java:586)
	at org.apache.jasper.servlet.JspServletWrapper.service(JspServletWrapper.java:363)
	at org.apache.jasper.servlet.JspServlet.serviceJspFile(JspServlet.java:396)
	at org.apache.jasper.servlet.JspServlet.service(JspServlet.java:340)
	at javax.servlet.http.HttpServlet.service(HttpServlet.java:729)
	at org.apache.catalina.core.ApplicationFilterChain.internalDoFilter(ApplicationFilterChain.java:292)
	at org.apache.catalina.core.ApplicationFilterChain.doFilter(ApplicationFilterChain.java:207)
	at org.apache.catalina.core.ApplicationDispatcher.invoke(ApplicationDispatcher.java:716)
	at org.apache.catalina.core.ApplicationDispatcher.processRequest(ApplicationDispatcher.java:468)
	at org.apache.catalina.core.ApplicationDispatcher.doForward(ApplicationDispatcher.java:391)
	at org.apache.catalina.core.ApplicationDispatcher.forward(ApplicationDispatcher.java:318)
	at org.apache.catalina.core.StandardHostValve.custom(StandardHostValve.java:442)
	at org.apache.catalina.core.StandardHostValve.status(StandardHostValve.java:301)
	at org.apache.catalina.core.StandardHostValve.invoke(StandardHostValve.java:178)
	at org.apache.catalina.valves.ErrorReportValve.invoke(ErrorReportValve.java:79)
	at org.apache.catalina.core.StandardEngineValve.invoke(StandardEngineValve.java:88)
	at org.apache.catalina.connector.CoyoteAdapter.service(CoyoteAdapter.java:502)
	at org.apache.coyote.ajp.AbstractAjpProcessor.process(AbstractAjpProcessor.java:877)
	at org.apache.coyote.AbstractProtocol$AbstractConnectionHandler.process(AbstractProtocol.java:684)
	at org.apache.tomcat.util.net.NioEndpoint$SocketProcessor.doRun(NioEndpoint.java:1539)
	at org.apache.tomcat.util.net.NioEndpoint$SocketProcessor.run(NioEndpoint.java:1495)
	at java.util.concurrent.ThreadPoolExecutor.runWorker(ThreadPoolExecutor.java:1145)
	at java.util.concurrent.ThreadPoolExecutor$Worker.run(ThreadPoolExecutor.java:615)
	at org.apache.tomcat.util.threads.TaskThread$WrappingRunnable.run(TaskThread.java:61)
	at java.lang.Thread.run(Thread.java:745)

26-Feb-2021 19:18:26.601 심각 [ajp-nio-8878-exec-9] org.apache.catalina.core.ApplicationDispatcher.invoke Servlet.service() for servlet jsp threw exception
 java.lang.ClassNotFoundException: org.apache.jsp.common.error_jsp
	at java.net.URLClassLoader$1.run(URLClassLoader.java:366)
	at java.net.URLClassLoader$1.run(URLClassLoader.java:355)
	at java.security.AccessController.doPrivileged(Native Method)
	at java.net.URLClassLoader.findClass(URLClassLoader.java:354)
	at org.apache.jasper.servlet.JasperLoader.loadClass(JasperLoader.java:131)
	at org.apache.jasper.servlet.JasperLoader.loadClass(JasperLoader.java:62)
	at org.apache.catalina.core.DefaultInstanceManager.newInstance(DefaultInstanceManager.java:127)
	at org.apache.jasper.servlet.JspServletWrapper.getServlet(JspServletWrapper.java:171)
	at org.apache.jasper.servlet.JspServletWrapper.service(JspServletWrapper.java:375)
	at org.apache.jasper.servlet.JspServlet.serviceJspFile(JspServlet.java:396)
	at org.apache.jasper.servlet.JspServlet.service(JspServlet.java:340)
	at javax.servlet.http.HttpServlet.service(HttpServlet.java:729)
	at org.apache.catalina.core.ApplicationFilterChain.internalDoFilter(ApplicationFilterChain.java:292)
	at org.apache.catalina.core.ApplicationFilterChain.doFilter(ApplicationFilterChain.java:207)
	at org.apache.catalina.core.ApplicationDispatcher.invoke(ApplicationDispatcher.java:716)
	at org.apache.catalina.core.ApplicationDispatcher.processRequest(ApplicationDispatcher.java:468)
	at org.apache.catalina.core.ApplicationDispatcher.doForward(ApplicationDispatcher.java:391)
	at org.apache.catalina.core.ApplicationDispatcher.forward(ApplicationDispatcher.java:318)
	at org.apache.catalina.core.StandardHostValve.custom(StandardHostValve.java:442)
	at org.apache.catalina.core.StandardHostValve.status(StandardHostValve.java:301)
	at org.apache.catalina.core.StandardHostValve.invoke(StandardHostValve.java:178)
	at org.apache.catalina.valves.ErrorReportValve.invoke(ErrorReportValve.java:79)
	at org.apache.catalina.core.StandardEngineValve.invoke(StandardEngineValve.java:88)
	at org.apache.catalina.connector.CoyoteAdapter.service(CoyoteAdapter.java:502)
	at org.apache.coyote.ajp.AbstractAjpProcessor.process(AbstractAjpProcessor.java:877)
	at org.apache.coyote.AbstractProtocol$AbstractConnectionHandler.process(AbstractProtocol.java:684)
	at org.apache.tomcat.util.net.NioEndpoint$SocketProcessor.doRun(NioEndpoint.java:1539)
	at org.apache.tomcat.util.net.NioEndpoint$SocketProcessor.run(NioEndpoint.java:1495)
	at java.util.concurrent.ThreadPoolExecutor.runWorker(ThreadPoolExecutor.java:1145)
	at java.util.concurrent.ThreadPoolExecutor$Worker.run(ThreadPoolExecutor.java:615)
	at org.apache.tomcat.util.threads.TaskThread$WrappingRunnable.run(TaskThread.java:61)
	at java.lang.Thread.run(Thread.java:745)

26-Feb-2021 19:18:26.602 심각 [ajp-nio-8878-exec-9] org.apache.catalina.core.StandardHostValve.custom Exception Processing ErrorPage[errorCode=404, location=/common/error.jsp]
 org.apache.jasper.JasperException: java.lang.ClassNotFoundException: org.apache.jsp.common.error_jsp
	at org.apache.jasper.servlet.JspServletWrapper.getServlet(JspServletWrapper.java:176)
	at org.apache.jasper.servlet.JspServletWrapper.service(JspServletWrapper.java:375)
	at org.apache.jasper.servlet.JspServlet.serviceJspFile(JspServlet.java:396)
	at org.apache.jasper.servlet.JspServlet.service(JspServlet.java:340)
	at javax.servlet.http.HttpServlet.service(HttpServlet.java:729)
	at org.apache.catalina.core.ApplicationFilterChain.internalDoFilter(ApplicationFilterChain.java:292)
	at org.apache.catalina.core.ApplicationFilterChain.doFilter(ApplicationFilterChain.java:207)
	at org.apache.catalina.core.ApplicationDispatcher.invoke(ApplicationDispatcher.java:716)
	at org.apache.catalina.core.ApplicationDispatcher.processRequest(ApplicationDispatcher.java:468)
	at org.apache.catalina.core.ApplicationDispatcher.doForward(ApplicationDispatcher.java:391)
	at org.apache.catalina.core.ApplicationDispatcher.forward(ApplicationDispatcher.java:318)
	at org.apache.catalina.core.StandardHostValve.custom(StandardHostValve.java:442)
	at org.apache.catalina.core.StandardHostValve.status(StandardHostValve.java:301)
	at org.apache.catalina.core.StandardHostValve.invoke(StandardHostValve.java:178)
	at org.apache.catalina.valves.ErrorReportValve.invoke(ErrorReportValve.java:79)
	at org.apache.catalina.core.StandardEngineValve.invoke(StandardEngineValve.java:88)
	at org.apache.catalina.connector.CoyoteAdapter.service(CoyoteAdapter.java:502)
	at org.apache.coyote.ajp.AbstractAjpProcessor.process(AbstractAjpProcessor.java:877)
	at org.apache.coyote.AbstractProtocol$AbstractConnectionHandler.process(AbstractProtocol.java:684)
	at org.apache.tomcat.util.net.NioEndpoint$SocketProcessor.doRun(NioEndpoint.java:1539)
	at org.apache.tomcat.util.net.NioEndpoint$SocketProcessor.run(NioEndpoint.java:1495)
	at java.util.concurrent.ThreadPoolExecutor.runWorker(ThreadPoolExecutor.java:1145)
	at java.util.concurrent.ThreadPoolExecutor$Worker.run(ThreadPoolExecutor.java:615)
	at org.apache.tomcat.util.threads.TaskThread$WrappingRunnable.run(TaskThread.java:61)
	at java.lang.Thread.run(Thread.java:745)
Caused by: java.lang.ClassNotFoundException: org.apache.jsp.common.error_jsp
	at java.net.URLClassLoader$1.run(URLClassLoader.java:366)
	at java.net.URLClassLoader$1.run(URLClassLoader.java:355)
	at java.security.AccessController.doPrivileged(Native Method)
	at java.net.URLClassLoader.findClass(URLClassLoader.java:354)
	at org.apache.jasper.servlet.JasperLoader.loadClass(JasperLoader.java:131)
	at org.apache.jasper.servlet.JasperLoader.loadClass(JasperLoader.java:62)
	at org.apache.catalina.core.DefaultInstanceManager.newInstance(DefaultInstanceManager.java:127)
	at org.apache.jasper.servlet.JspServletWrapper.getServlet(JspServletWrapper.java:171)
	... 24 more

26-Feb-2021 19:18:26.603 심각 [ajp-nio-8878-exec-51] org.apache.catalina.core.StandardHostValve.custom Exception Processing ErrorPage[errorCode=404, location=/common/error.jsp]
 org.apache.jasper.JasperException: java.lang.ClassNotFoundException: org.apache.jsp.common.error_jsp
	at org.apache.jasper.servlet.JspServletWrapper.getServlet(JspServletWrapper.java:176)
	at org.apache.jasper.servlet.JspServletWrapper.service(JspServletWrapper.java:375)
	at org.apache.jasper.servlet.JspServlet.serviceJspFile(JspServlet.java:396)
	at org.apache.jasper.servlet.JspServlet.service(JspServlet.java:340)
	at javax.servlet.http.HttpServlet.service(HttpServlet.java:729)
	at org.apache.catalina.core.ApplicationFilterChain.internalDoFilter(ApplicationFilterChain.java:292)
	at org.apache.catalina.core.ApplicationFilterChain.doFilter(ApplicationFilterChain.java:207)
	at org.apache.catalina.core.ApplicationDispatcher.invoke(ApplicationDispatcher.java:716)
	at org.apache.catalina.core.ApplicationDispatcher.processRequest(ApplicationDispatcher.java:468)
	at org.apache.catalina.core.ApplicationDispatcher.doForward(ApplicationDispatcher.java:391)
	at org.apache.catalina.core.ApplicationDispatcher.forward(ApplicationDispatcher.java:318)
	at org.apache.catalina.core.StandardHostValve.custom(StandardHostValve.java:442)
	at org.apache.catalina.core.StandardHostValve.status(StandardHostValve.java:301)
	at org.apache.catalina.core.StandardHostValve.invoke(StandardHostValve.java:178)
	at org.apache.catalina.valves.ErrorReportValve.invoke(ErrorReportValve.java:79)
	at org.apache.catalina.core.StandardEngineValve.invoke(StandardEngineValve.java:88)
	at org.apache.catalina.connector.CoyoteAdapter.service(CoyoteAdapter.java:502)
	at org.apache.coyote.ajp.AbstractAjpProcessor.process(AbstractAjpProcessor.java:877)
	at org.apache.coyote.AbstractProtocol$AbstractConnectionHandler.process(AbstractProtocol.java:684)
	at org.apache.tomcat.util.net.NioEndpoint$SocketProcessor.doRun(NioEndpoint.java:1539)
	at org.apache.tomcat.util.net.NioEndpoint$SocketProcessor.run(NioEndpoint.java:1495)
	at java.util.concurrent.ThreadPoolExecutor.runWorker(ThreadPoolExecutor.java:1145)
	at java.util.concurrent.ThreadPoolExecutor$Worker.run(ThreadPoolExecutor.java:615)
	at org.apache.tomcat.util.threads.TaskThread$WrappingRunnable.run(TaskThread.java:61)
	at java.lang.Thread.run(Thread.java:745)
Caused by: java.lang.ClassNotFoundException: org.apache.jsp.common.error_jsp
	at java.net.URLClassLoader$1.run(URLClassLoader.java:366)
	at java.net.URLClassLoader$1.run(URLClassLoader.java:355)
	at java.security.AccessController.doPrivileged(Native Method)
	at java.net.URLClassLoader.findClass(URLClassLoader.java:354)
	at org.apache.jasper.servlet.JasperLoader.loadClass(JasperLoader.java:131)
	at org.apache.jasper.servlet.JasperLoader.loadClass(JasperLoader.java:62)
	at org.apache.catalina.core.DefaultInstanceManager.newInstance(DefaultInstanceManager.java:127)
	at org.apache.jasper.servlet.JspServletWrapper.getServlet(JspServletWrapper.java:171)
	... 24 more

26-Feb-2021 19:18:26.608 심각 [ajp-nio-8878-exec-31] org.apache.catalina.core.ApplicationDispatcher.invoke Servlet.service() for servlet jsp threw exception
 org.apache.jasper.JasperException: /common/error.jsp (line: 4, column: 0) java.io.FileNotFoundException: /www/phomein_com/www/WEB-INF/lib/spring-webmvc-4.3.16.RELEASE.jar (그런 파일이나 디렉터리가 없습니다)
	at org.apache.jasper.compiler.DefaultErrorHandler.jspError(DefaultErrorHandler.java:41)
	at org.apache.jasper.compiler.ErrorDispatcher.dispatch(ErrorDispatcher.java:275)
	at org.apache.jasper.compiler.ErrorDispatcher.jspError(ErrorDispatcher.java:91)
	at org.apache.jasper.compiler.Parser.processIncludeDirective(Parser.java:335)
	at org.apache.jasper.compiler.Parser.parseIncludeDirective(Parser.java:368)
	at org.apache.jasper.compiler.Parser.parseDirective(Parser.java:471)
	at org.apache.jasper.compiler.Parser.parseElements(Parser.java:1435)
	at org.apache.jasper.compiler.Parser.parse(Parser.java:139)
	at org.apache.jasper.compiler.ParserController.doParse(ParserController.java:227)
	at org.apache.jasper.compiler.ParserController.parse(ParserController.java:100)
	at org.apache.jasper.compiler.Compiler.generateJava(Compiler.java:201)
	at org.apache.jasper.compiler.Compiler.compile(Compiler.java:358)
	at org.apache.jasper.compiler.Compiler.compile(Compiler.java:338)
	at org.apache.jasper.compiler.Compiler.compile(Compiler.java:325)
	at org.apache.jasper.JspCompilationContext.compile(JspCompilationContext.java:586)
	at org.apache.jasper.servlet.JspServletWrapper.service(JspServletWrapper.java:363)
	at org.apache.jasper.servlet.JspServlet.serviceJspFile(JspServlet.java:396)
	at org.apache.jasper.servlet.JspServlet.service(JspServlet.java:340)
	at javax.servlet.http.HttpServlet.service(HttpServlet.java:729)
	at org.apache.catalina.core.ApplicationFilterChain.internalDoFilter(ApplicationFilterChain.java:292)
	at org.apache.catalina.core.ApplicationFilterChain.doFilter(ApplicationFilterChain.java:207)
	at org.apache.catalina.core.ApplicationDispatcher.invoke(ApplicationDispatcher.java:716)
	at org.apache.catalina.core.ApplicationDispatcher.processRequest(ApplicationDispatcher.java:468)
	at org.apache.catalina.core.ApplicationDispatcher.doForward(ApplicationDispatcher.java:391)
	at org.apache.catalina.core.ApplicationDispatcher.forward(ApplicationDispatcher.java:318)
	at org.apache.catalina.core.StandardHostValve.custom(StandardHostValve.java:442)
	at org.apache.catalina.core.StandardHostValve.status(StandardHostValve.java:301)
	at org.apache.catalina.core.StandardHostValve.invoke(StandardHostValve.java:178)
	at org.apache.catalina.valves.ErrorReportValve.invoke(ErrorReportValve.java:79)
	at org.apache.catalina.core.StandardEngineValve.invoke(StandardEngineValve.java:88)
	at org.apache.catalina.connector.CoyoteAdapter.service(CoyoteAdapter.java:502)
	at org.apache.coyote.ajp.AbstractAjpProcessor.process(AbstractAjpProcessor.java:877)
	at org.apache.coyote.AbstractProtocol$AbstractConnectionHandler.process(AbstractProtocol.java:684)
	at org.apache.tomcat.util.net.NioEndpoint$SocketProcessor.doRun(NioEndpoint.java:1539)
	at org.apache.tomcat.util.net.NioEndpoint$SocketProcessor.run(NioEndpoint.java:1495)
	at java.util.concurrent.ThreadPoolExecutor.runWorker(ThreadPoolExecutor.java:1145)
	at java.util.concurrent.ThreadPoolExecutor$Worker.run(ThreadPoolExecutor.java:615)
	at org.apache.tomcat.util.threads.TaskThread$WrappingRunnable.run(TaskThread.java:61)
	at java.lang.Thread.run(Thread.java:745)

26-Feb-2021 19:18:26.845 심각 [ajp-nio-8878-exec-31] org.apache.catalina.core.StandardHostValve.custom Exception Processing ErrorPage[errorCode=404, location=/common/error.jsp]
 org.apache.jasper.JasperException: /common/error.jsp (line: 4, column: 0) java.io.FileNotFoundException: /www/phomein_com/www/WEB-INF/lib/spring-webmvc-4.3.16.RELEASE.jar (그런 파일이나 디렉터리가 없습니다)
	at org.apache.jasper.compiler.DefaultErrorHandler.jspError(DefaultErrorHandler.java:41)
	at org.apache.jasper.compiler.ErrorDispatcher.dispatch(ErrorDispatcher.java:275)
	at org.apache.jasper.compiler.ErrorDispatcher.jspError(ErrorDispatcher.java:91)
	at org.apache.jasper.compiler.Parser.processIncludeDirective(Parser.java:335)
	at org.apache.jasper.compiler.Parser.parseIncludeDirective(Parser.java:368)
	at org.apache.jasper.compiler.Parser.parseDirective(Parser.java:471)
	at org.apache.jasper.compiler.Parser.parseElements(Parser.java:1435)
	at org.apache.jasper.compiler.Parser.parse(Parser.java:139)
	at org.apache.jasper.compiler.ParserController.doParse(ParserController.java:227)
	at org.apache.jasper.compiler.ParserController.parse(ParserController.java:100)
	at org.apache.jasper.compiler.Compiler.generateJava(Compiler.java:201)
	at org.apache.jasper.compiler.Compiler.compile(Compiler.java:358)
	at org.apache.jasper.compiler.Compiler.compile(Compiler.java:338)
	at org.apache.jasper.compiler.Compiler.compile(Compiler.java:325)
	at org.apache.jasper.JspCompilationContext.compile(JspCompilationContext.java:586)
	at org.apache.jasper.servlet.JspServletWrapper.service(JspServletWrapper.java:363)
	at org.apache.jasper.servlet.JspServlet.serviceJspFile(JspServlet.java:396)
	at org.apache.jasper.servlet.JspServlet.service(JspServlet.java:340)
	at javax.servlet.http.HttpServlet.service(HttpServlet.java:729)
	at org.apache.catalina.core.ApplicationFilterChain.internalDoFilter(ApplicationFilterChain.java:292)
	at org.apache.catalina.core.ApplicationFilterChain.doFilter(ApplicationFilterChain.java:207)
	at org.apache.catalina.core.ApplicationDispatcher.invoke(ApplicationDispatcher.java:716)
	at org.apache.catalina.core.ApplicationDispatcher.processRequest(ApplicationDispatcher.java:468)
	at org.apache.catalina.core.ApplicationDispatcher.doForward(ApplicationDispatcher.java:391)
	at org.apache.catalina.core.ApplicationDispatcher.forward(ApplicationDispatcher.java:318)
	at org.apache.catalina.core.StandardHostValve.custom(StandardHostValve.java:442)
	at org.apache.catalina.core.StandardHostValve.status(StandardHostValve.java:301)
	at org.apache.catalina.core.StandardHostValve.invoke(StandardHostValve.java:178)
	at org.apache.catalina.valves.ErrorReportValve.invoke(ErrorReportValve.java:79)
	at org.apache.catalina.core.StandardEngineValve.invoke(StandardEngineValve.java:88)
	at org.apache.catalina.connector.CoyoteAdapter.service(CoyoteAdapter.java:502)
	at org.apache.coyote.ajp.AbstractAjpProcessor.process(AbstractAjpProcessor.java:877)
	at org.apache.coyote.AbstractProtocol$AbstractConnectionHandler.process(AbstractProtocol.java:684)
	at org.apache.tomcat.util.net.NioEndpoint$SocketProcessor.doRun(NioEndpoint.java:1539)
	at org.apache.tomcat.util.net.NioEndpoint$SocketProcessor.run(NioEndpoint.java:1495)
	at java.util.concurrent.ThreadPoolExecutor.runWorker(ThreadPoolExecutor.java:1145)
	at java.util.concurrent.ThreadPoolExecutor$Worker.run(ThreadPoolExecutor.java:615)
	at org.apache.tomcat.util.threads.TaskThread$WrappingRunnable.run(TaskThread.java:61)
	at java.lang.Thread.run(Thread.java:745)

26-Feb-2021 19:18:26.846 심각 [ajp-nio-8878-exec-8] org.apache.catalina.core.ApplicationDispatcher.invoke Servlet.service() for servlet jsp threw exception
 org.apache.jasper.JasperException: /common/error.jsp (line: 4, column: 0) java.io.FileNotFoundException: /www/phomein_com/www/WEB-INF/lib/spring-webmvc-4.3.16.RELEASE.jar (그런 파일이나 디렉터리가 없습니다)
	at org.apache.jasper.compiler.DefaultErrorHandler.jspError(DefaultErrorHandler.java:41)
	at org.apache.jasper.compiler.ErrorDispatcher.dispatch(ErrorDispatcher.java:275)
	at org.apache.jasper.compiler.ErrorDispatcher.jspError(ErrorDispatcher.java:91)
	at org.apache.jasper.compiler.Parser.processIncludeDirective(Parser.java:335)
	at org.apache.jasper.compiler.Parser.parseIncludeDirective(Parser.java:368)
	at org.apache.jasper.compiler.Parser.parseDirective(Parser.java:471)
	at org.apache.jasper.compiler.Parser.parseElements(Parser.java:1435)
	at org.apache.jasper.compiler.Parser.parse(Parser.java:139)
	at org.apache.jasper.compiler.ParserController.doParse(ParserController.java:227)
	at org.apache.jasper.compiler.ParserController.parse(ParserController.java:100)
	at org.apache.jasper.compiler.Compiler.generateJava(Compiler.java:201)
	at org.apache.jasper.compiler.Compiler.compile(Compiler.java:358)
	at org.apache.jasper.compiler.Compiler.compile(Compiler.java:338)
	at org.apache.jasper.compiler.Compiler.compile(Compiler.java:325)
	at org.apache.jasper.JspCompilationContext.compile(JspCompilationContext.java:586)
	at org.apache.jasper.servlet.JspServletWrapper.service(JspServletWrapper.java:363)
	at org.apache.jasper.servlet.JspServlet.serviceJspFile(JspServlet.java:396)
	at org.apache.jasper.servlet.JspServlet.service(JspServlet.java:340)
	at javax.servlet.http.HttpServlet.service(HttpServlet.java:729)
	at org.apache.catalina.core.ApplicationFilterChain.internalDoFilter(ApplicationFilterChain.java:292)
	at org.apache.catalina.core.ApplicationFilterChain.doFilter(ApplicationFilterChain.java:207)
	at org.apache.catalina.core.ApplicationDispatcher.invoke(ApplicationDispatcher.java:716)
	at org.apache.catalina.core.ApplicationDispatcher.processRequest(ApplicationDispatcher.java:468)
	at org.apache.catalina.core.ApplicationDispatcher.doForward(ApplicationDispatcher.java:391)
	at org.apache.catalina.core.ApplicationDispatcher.forward(ApplicationDispatcher.java:318)
	at org.apache.catalina.core.StandardHostValve.custom(StandardHostValve.java:442)
	at org.apache.catalina.core.StandardHostValve.status(StandardHostValve.java:301)
	at org.apache.catalina.core.StandardHostValve.invoke(StandardHostValve.java:178)
	at org.apache.catalina.valves.ErrorReportValve.invoke(ErrorReportValve.java:79)
	at org.apache.catalina.core.StandardEngineValve.invoke(StandardEngineValve.java:88)
	at org.apache.catalina.connector.CoyoteAdapter.service(CoyoteAdapter.java:502)
	at org.apache.coyote.ajp.AbstractAjpProcessor.process(AbstractAjpProcessor.java:877)
	at org.apache.coyote.AbstractProtocol$AbstractConnectionHandler.process(AbstractProtocol.java:684)
	at org.apache.tomcat.util.net.NioEndpoint$SocketProcessor.doRun(NioEndpoint.java:1539)
	at org.apache.tomcat.util.net.NioEndpoint$SocketProcessor.run(NioEndpoint.java:1495)
	at java.util.concurrent.ThreadPoolExecutor.runWorker(ThreadPoolExecutor.java:1145)
	at java.util.concurrent.ThreadPoolExecutor$Worker.run(ThreadPoolExecutor.java:615)
	at org.apache.tomcat.util.threads.TaskThread$WrappingRunnable.run(TaskThread.java:61)
	at java.lang.Thread.run(Thread.java:745)

26-Feb-2021 19:18:26.846 심각 [ajp-nio-8878-exec-8] org.apache.catalina.core.StandardHostValve.custom Exception Processing ErrorPage[errorCode=404, location=/common/error.jsp]
 org.apache.jasper.JasperException: /common/error.jsp (line: 4, column: 0) java.io.FileNotFoundException: /www/phomein_com/www/WEB-INF/lib/spring-webmvc-4.3.16.RELEASE.jar (그런 파일이나 디렉터리가 없습니다)
	at org.apache.jasper.compiler.DefaultErrorHandler.jspError(DefaultErrorHandler.java:41)
	at org.apache.jasper.compiler.ErrorDispatcher.dispatch(ErrorDispatcher.java:275)
	at org.apache.jasper.compiler.ErrorDispatcher.jspError(ErrorDispatcher.java:91)
	at org.apache.jasper.compiler.Parser.processIncludeDirective(Parser.java:335)
	at org.apache.jasper.compiler.Parser.parseIncludeDirective(Parser.java:368)
	at org.apache.jasper.compiler.Parser.parseDirective(Parser.java:471)
	at org.apache.jasper.compiler.Parser.parseElements(Parser.java:1435)
	at org.apache.jasper.compiler.Parser.parse(Parser.java:139)
	at org.apache.jasper.compiler.ParserController.doParse(ParserController.java:227)
	at org.apache.jasper.compiler.ParserController.parse(ParserController.java:100)
	at org.apache.jasper.compiler.Compiler.generateJava(Compiler.java:201)
	at org.apache.jasper.compiler.Compiler.compile(Compiler.java:358)
	at org.apache.jasper.compiler.Compiler.compile(Compiler.java:338)
	at org.apache.jasper.compiler.Compiler.compile(Compiler.java:325)
	at org.apache.jasper.JspCompilationContext.compile(JspCompilationContext.java:586)
	at org.apache.jasper.servlet.JspServletWrapper.service(JspServletWrapper.java:363)
	at org.apache.jasper.servlet.JspServlet.serviceJspFile(JspServlet.java:396)
	at org.apache.jasper.servlet.JspServlet.service(JspServlet.java:340)
	at javax.servlet.http.HttpServlet.service(HttpServlet.java:729)
	at org.apache.catalina.core.ApplicationFilterChain.internalDoFilter(ApplicationFilterChain.java:292)
	at org.apache.catalina.core.ApplicationFilterChain.doFilter(ApplicationFilterChain.java:207)
	at org.apache.catalina.core.ApplicationDispatcher.invoke(ApplicationDispatcher.java:716)
	at org.apache.catalina.core.ApplicationDispatcher.processRequest(ApplicationDispatcher.java:468)
	at org.apache.catalina.core.ApplicationDispatcher.doForward(ApplicationDispatcher.java:391)
	at org.apache.catalina.core.ApplicationDispatcher.forward(ApplicationDispatcher.java:318)
	at org.apache.catalina.core.StandardHostValve.custom(StandardHostValve.java:442)
	at org.apache.catalina.core.StandardHostValve.status(StandardHostValve.java:301)
	at org.apache.catalina.core.StandardHostValve.invoke(StandardHostValve.java:178)
	at org.apache.catalina.valves.ErrorReportValve.invoke(ErrorReportValve.java:79)
	at org.apache.catalina.core.StandardEngineValve.invoke(StandardEngineValve.java:88)
	at org.apache.catalina.connector.CoyoteAdapter.service(CoyoteAdapter.java:502)
	at org.apache.coyote.ajp.AbstractAjpProcessor.process(AbstractAjpProcessor.java:877)
	at org.apache.coyote.AbstractProtocol$AbstractConnectionHandler.process(AbstractProtocol.java:684)
	at org.apache.tomcat.util.net.NioEndpoint$SocketProcessor.doRun(NioEndpoint.java:1539)
	at org.apache.tomcat.util.net.NioEndpoint$SocketProcessor.run(NioEndpoint.java:1495)
	at java.util.concurrent.ThreadPoolExecutor.runWorker(ThreadPoolExecutor.java:1145)
	at java.util.concurrent.ThreadPoolExecutor$Worker.run(ThreadPoolExecutor.java:615)
	at org.apache.tomcat.util.threads.TaskThread$WrappingRunnable.run(TaskThread.java:61)
	at java.lang.Thread.run(Thread.java:745)

26-Feb-2021 19:18:26.848 심각 [ajp-nio-8878-exec-1] org.apache.catalina.core.ApplicationDispatcher.invoke Servlet.service() for servlet jsp threw exception
 org.apache.jasper.JasperException: /common/error.jsp (line: 4, column: 0) java.io.FileNotFoundException: /www/phomein_com/www/WEB-INF/lib/spring-webmvc-4.3.16.RELEASE.jar (그런 파일이나 디렉터리가 없습니다)
	at org.apache.jasper.compiler.DefaultErrorHandler.jspError(DefaultErrorHandler.java:41)
	at org.apache.jasper.compiler.ErrorDispatcher.dispatch(ErrorDispatcher.java:275)
	at org.apache.jasper.compiler.ErrorDispatcher.jspError(ErrorDispatcher.java:91)
	at org.apache.jasper.compiler.Parser.processIncludeDirective(Parser.java:335)
	at org.apache.jasper.compiler.Parser.parseIncludeDirective(Parser.java:368)
	at org.apache.jasper.compiler.Parser.parseDirective(Parser.java:471)
	at org.apache.jasper.compiler.Parser.parseElements(Parser.java:1435)
	at org.apache.jasper.compiler.Parser.parse(Parser.java:139)
	at org.apache.jasper.compiler.ParserController.doParse(ParserController.java:227)
	at org.apache.jasper.compiler.ParserController.parse(ParserController.java:100)
	at org.apache.jasper.compiler.Compiler.generateJava(Compiler.java:201)
	at org.apache.jasper.compiler.Compiler.compile(Compiler.java:358)
	at org.apache.jasper.compiler.Compiler.compile(Compiler.java:338)
	at org.apache.jasper.compiler.Compiler.compile(Compiler.java:325)
	at org.apache.jasper.JspCompilationContext.compile(JspCompilationContext.java:586)
	at org.apache.jasper.servlet.JspServletWrapper.service(JspServletWrapper.java:363)
	at org.apache.jasper.servlet.JspServlet.serviceJspFile(JspServlet.java:396)
	at org.apache.jasper.servlet.JspServlet.service(JspServlet.java:340)
	at javax.servlet.http.HttpServlet.service(HttpServlet.java:729)
	at org.apache.catalina.core.ApplicationFilterChain.internalDoFilter(ApplicationFilterChain.java:292)
	at org.apache.catalina.core.ApplicationFilterChain.doFilter(ApplicationFilterChain.java:207)
	at org.apache.catalina.core.ApplicationDispatcher.invoke(ApplicationDispatcher.java:716)
	at org.apache.catalina.core.ApplicationDispatcher.processRequest(ApplicationDispatcher.java:468)
	at org.apache.catalina.core.ApplicationDispatcher.doForward(ApplicationDispatcher.java:391)
	at org.apache.catalina.core.ApplicationDispatcher.forward(ApplicationDispatcher.java:318)
	at org.apache.catalina.core.StandardHostValve.custom(StandardHostValve.java:442)
	at org.apache.catalina.core.StandardHostValve.status(StandardHostValve.java:301)
	at org.apache.catalina.core.StandardHostValve.invoke(StandardHostValve.java:178)
	at org.apache.catalina.valves.ErrorReportValve.invoke(ErrorReportValve.java:79)
	at org.apache.catalina.core.StandardEngineValve.invoke(StandardEngineValve.java:88)
	at org.apache.catalina.connector.CoyoteAdapter.service(CoyoteAdapter.java:502)
	at org.apache.coyote.ajp.AbstractAjpProcessor.process(AbstractAjpProcessor.java:877)
	at org.apache.coyote.AbstractProtocol$AbstractConnectionHandler.process(AbstractProtocol.java:684)
	at org.apache.tomcat.util.net.NioEndpoint$SocketProcessor.doRun(NioEndpoint.java:1539)
	at org.apache.tomcat.util.net.NioEndpoint$SocketProcessor.run(NioEndpoint.java:1495)
	at java.util.concurrent.ThreadPoolExecutor.runWorker(ThreadPoolExecutor.java:1145)
	at java.util.concurrent.ThreadPoolExecutor$Worker.run(ThreadPoolExecutor.java:615)
	at org.apache.tomcat.util.threads.TaskThread$WrappingRunnable.run(TaskThread.java:61)
	at java.lang.Thread.run(Thread.java:745)

26-Feb-2021 19:18:26.849 심각 [ajp-nio-8878-exec-1] org.apache.catalina.core.StandardHostValve.custom Exception Processing ErrorPage[errorCode=404, location=/common/error.jsp]
 org.apache.jasper.JasperException: /common/error.jsp (line: 4, column: 0) java.io.FileNotFoundException: /www/phomein_com/www/WEB-INF/lib/spring-webmvc-4.3.16.RELEASE.jar (그런 파일이나 디렉터리가 없습니다)
	at org.apache.jasper.compiler.DefaultErrorHandler.jspError(DefaultErrorHandler.java:41)
	at org.apache.jasper.compiler.ErrorDispatcher.dispatch(ErrorDispatcher.java:275)
	at org.apache.jasper.compiler.ErrorDispatcher.jspError(ErrorDispatcher.java:91)
	at org.apache.jasper.compiler.Parser.processIncludeDirective(Parser.java:335)
	at org.apache.jasper.compiler.Parser.parseIncludeDirective(Parser.java:368)
	at org.apache.jasper.compiler.Parser.parseDirective(Parser.java:471)
	at org.apache.jasper.compiler.Parser.parseElements(Parser.java:1435)
	at org.apache.jasper.compiler.Parser.parse(Parser.java:139)
	at org.apache.jasper.compiler.ParserController.doParse(ParserController.java:227)
	at org.apache.jasper.compiler.ParserController.parse(ParserController.java:100)
	at org.apache.jasper.compiler.Compiler.generateJava(Compiler.java:201)
	at org.apache.jasper.compiler.Compiler.compile(Compiler.java:358)
	at org.apache.jasper.compiler.Compiler.compile(Compiler.java:338)
	at org.apache.jasper.compiler.Compiler.compile(Compiler.java:325)
	at org.apache.jasper.JspCompilationContext.compile(JspCompilationContext.java:586)
	at org.apache.jasper.servlet.JspServletWrapper.service(JspServletWrapper.java:363)
	at org.apache.jasper.servlet.JspServlet.serviceJspFile(JspServlet.java:396)
	at org.apache.jasper.servlet.JspServlet.service(JspServlet.java:340)
	at javax.servlet.http.HttpServlet.service(HttpServlet.java:729)
	at org.apache.catalina.core.ApplicationFilterChain.internalDoFilter(ApplicationFilterChain.java:292)
	at org.apache.catalina.core.ApplicationFilterChain.doFilter(ApplicationFilterChain.java:207)
	at org.apache.catalina.core.ApplicationDispatcher.invoke(ApplicationDispatcher.java:716)
	at org.apache.catalina.core.ApplicationDispatcher.processRequest(ApplicationDispatcher.java:468)
	at org.apache.catalina.core.ApplicationDispatcher.doForward(ApplicationDispatcher.java:391)
	at org.apache.catalina.core.ApplicationDispatcher.forward(ApplicationDispatcher.java:318)
	at org.apache.catalina.core.StandardHostValve.custom(StandardHostValve.java:442)
	at org.apache.catalina.core.StandardHostValve.status(StandardHostValve.java:301)
	at org.apache.catalina.core.StandardHostValve.invoke(StandardHostValve.java:178)
	at org.apache.catalina.valves.ErrorReportValve.invoke(ErrorReportValve.java:79)
	at org.apache.catalina.core.StandardEngineValve.invoke(StandardEngineValve.java:88)
	at org.apache.catalina.connector.CoyoteAdapter.service(CoyoteAdapter.java:502)
	at org.apache.coyote.ajp.AbstractAjpProcessor.process(AbstractAjpProcessor.java:877)
	at org.apache.coyote.AbstractProtocol$AbstractConnectionHandler.process(AbstractProtocol.java:684)
	at org.apache.tomcat.util.net.NioEndpoint$SocketProcessor.doRun(NioEndpoint.java:1539)
	at org.apache.tomcat.util.net.NioEndpoint$SocketProcessor.run(NioEndpoint.java:1495)
	at java.util.concurrent.ThreadPoolExecutor.runWorker(ThreadPoolExecutor.java:1145)
	at java.util.concurrent.ThreadPoolExecutor$Worker.run(ThreadPoolExecutor.java:615)
	at org.apache.tomcat.util.threads.TaskThread$WrappingRunnable.run(TaskThread.java:61)
	at java.lang.Thread.run(Thread.java:745)

26-Feb-2021 19:18:26.849 심각 [ajp-nio-8878-exec-26] org.apache.catalina.core.ApplicationDispatcher.invoke Servlet.service() for servlet jsp threw exception
 java.lang.ClassNotFoundException: org.apache.jsp.common.error_jsp
	at java.net.URLClassLoader$1.run(URLClassLoader.java:366)
	at java.net.URLClassLoader$1.run(URLClassLoader.java:355)
	at java.security.AccessController.doPrivileged(Native Method)
	at java.net.URLClassLoader.findClass(URLClassLoader.java:354)
	at org.apache.jasper.servlet.JasperLoader.loadClass(JasperLoader.java:131)
	at org.apache.jasper.servlet.JasperLoader.loadClass(JasperLoader.java:62)
	at org.apache.catalina.core.DefaultInstanceManager.newInstance(DefaultInstanceManager.java:127)
	at org.apache.jasper.servlet.JspServletWrapper.getServlet(JspServletWrapper.java:171)
	at org.apache.jasper.servlet.JspServletWrapper.service(JspServletWrapper.java:375)
	at org.apache.jasper.servlet.JspServlet.serviceJspFile(JspServlet.java:396)
	at org.apache.jasper.servlet.JspServlet.service(JspServlet.java:340)
	at javax.servlet.http.HttpServlet.service(HttpServlet.java:729)
	at org.apache.catalina.core.ApplicationFilterChain.internalDoFilter(ApplicationFilterChain.java:292)
	at org.apache.catalina.core.ApplicationFilterChain.doFilter(ApplicationFilterChain.java:207)
	at org.apache.catalina.core.ApplicationDispatcher.invoke(ApplicationDispatcher.java:716)
	at org.apache.catalina.core.ApplicationDispatcher.processRequest(ApplicationDispatcher.java:468)
	at org.apache.catalina.core.ApplicationDispatcher.doForward(ApplicationDispatcher.java:391)
	at org.apache.catalina.core.ApplicationDispatcher.forward(ApplicationDispatcher.java:318)
	at org.apache.catalina.core.StandardHostValve.custom(StandardHostValve.java:442)
	at org.apache.catalina.core.StandardHostValve.status(StandardHostValve.java:301)
	at org.apache.catalina.core.StandardHostValve.invoke(StandardHostValve.java:178)
	at org.apache.catalina.valves.ErrorReportValve.invoke(ErrorReportValve.java:79)
	at org.apache.catalina.core.StandardEngineValve.invoke(StandardEngineValve.java:88)
	at org.apache.catalina.connector.CoyoteAdapter.service(CoyoteAdapter.java:502)
	at org.apache.coyote.ajp.AbstractAjpProcessor.process(AbstractAjpProcessor.java:877)
	at org.apache.coyote.AbstractProtocol$AbstractConnectionHandler.process(AbstractProtocol.java:684)
	at org.apache.tomcat.util.net.NioEndpoint$SocketProcessor.doRun(NioEndpoint.java:1539)
	at org.apache.tomcat.util.net.NioEndpoint$SocketProcessor.run(NioEndpoint.java:1495)
	at java.util.concurrent.ThreadPoolExecutor.runWorker(ThreadPoolExecutor.java:1145)
	at java.util.concurrent.ThreadPoolExecutor$Worker.run(ThreadPoolExecutor.java:615)
	at org.apache.tomcat.util.threads.TaskThread$WrappingRunnable.run(TaskThread.java:61)
	at java.lang.Thread.run(Thread.java:745)

26-Feb-2021 19:18:26.849 심각 [ajp-nio-8878-exec-18] org.apache.catalina.core.ApplicationDispatcher.invoke Servlet.service() for servlet jsp threw exception
 java.lang.ClassNotFoundException: org.apache.jsp.common.error_jsp
	at java.net.URLClassLoader$1.run(URLClassLoader.java:366)
	at java.net.URLClassLoader$1.run(URLClassLoader.java:355)
	at java.security.AccessController.doPrivileged(Native Method)
	at java.net.URLClassLoader.findClass(URLClassLoader.java:354)
	at org.apache.jasper.servlet.JasperLoader.loadClass(JasperLoader.java:131)
	at org.apache.jasper.servlet.JasperLoader.loadClass(JasperLoader.java:62)
	at org.apache.catalina.core.DefaultInstanceManager.newInstance(DefaultInstanceManager.java:127)
	at org.apache.jasper.servlet.JspServletWrapper.getServlet(JspServletWrapper.java:171)
	at org.apache.jasper.servlet.JspServletWrapper.service(JspServletWrapper.java:375)
	at org.apache.jasper.servlet.JspServlet.serviceJspFile(JspServlet.java:396)
	at org.apache.jasper.servlet.JspServlet.service(JspServlet.java:340)
	at javax.servlet.http.HttpServlet.service(HttpServlet.java:729)
	at org.apache.catalina.core.ApplicationFilterChain.internalDoFilter(ApplicationFilterChain.java:292)
	at org.apache.catalina.core.ApplicationFilterChain.doFilter(ApplicationFilterChain.java:207)
	at org.apache.catalina.core.ApplicationDispatcher.invoke(ApplicationDispatcher.java:716)
	at org.apache.catalina.core.ApplicationDispatcher.processRequest(ApplicationDispatcher.java:468)
	at org.apache.catalina.core.ApplicationDispatcher.doForward(ApplicationDispatcher.java:391)
	at org.apache.catalina.core.ApplicationDispatcher.forward(ApplicationDispatcher.java:318)
	at org.apache.catalina.core.StandardHostValve.custom(StandardHostValve.java:442)
	at org.apache.catalina.core.StandardHostValve.status(StandardHostValve.java:301)
	at org.apache.catalina.core.StandardHostValve.invoke(StandardHostValve.java:178)
	at org.apache.catalina.valves.ErrorReportValve.invoke(ErrorReportValve.java:79)
	at org.apache.catalina.core.StandardEngineValve.invoke(StandardEngineValve.java:88)
	at org.apache.catalina.connector.CoyoteAdapter.service(CoyoteAdapter.java:502)
	at org.apache.coyote.ajp.AbstractAjpProcessor.process(AbstractAjpProcessor.java:877)
	at org.apache.coyote.AbstractProtocol$AbstractConnectionHandler.process(AbstractProtocol.java:684)
	at org.apache.tomcat.util.net.NioEndpoint$SocketProcessor.doRun(NioEndpoint.java:1539)
	at org.apache.tomcat.util.net.NioEndpoint$SocketProcessor.run(NioEndpoint.java:1495)
	at java.util.concurrent.ThreadPoolExecutor.runWorker(ThreadPoolExecutor.java:1145)
	at java.util.concurrent.ThreadPoolExecutor$Worker.run(ThreadPoolExecutor.java:615)
	at org.apache.tomcat.util.threads.TaskThread$WrappingRunnable.run(TaskThread.java:61)
	at java.lang.Thread.run(Thread.java:745)

26-Feb-2021 19:18:26.850 심각 [ajp-nio-8878-exec-18] org.apache.catalina.core.StandardHostValve.custom Exception Processing ErrorPage[errorCode=404, location=/common/error.jsp]
 org.apache.jasper.JasperException: java.lang.ClassNotFoundException: org.apache.jsp.common.error_jsp
	at org.apache.jasper.servlet.JspServletWrapper.getServlet(JspServletWrapper.java:176)
	at org.apache.jasper.servlet.JspServletWrapper.service(JspServletWrapper.java:375)
	at org.apache.jasper.servlet.JspServlet.serviceJspFile(JspServlet.java:396)
	at org.apache.jasper.servlet.JspServlet.service(JspServlet.java:340)
	at javax.servlet.http.HttpServlet.service(HttpServlet.java:729)
	at org.apache.catalina.core.ApplicationFilterChain.internalDoFilter(ApplicationFilterChain.java:292)
	at org.apache.catalina.core.ApplicationFilterChain.doFilter(ApplicationFilterChain.java:207)
	at org.apache.catalina.core.ApplicationDispatcher.invoke(ApplicationDispatcher.java:716)
	at org.apache.catalina.core.ApplicationDispatcher.processRequest(ApplicationDispatcher.java:468)
	at org.apache.catalina.core.ApplicationDispatcher.doForward(ApplicationDispatcher.java:391)
	at org.apache.catalina.core.ApplicationDispatcher.forward(ApplicationDispatcher.java:318)
	at org.apache.catalina.core.StandardHostValve.custom(StandardHostValve.java:442)
	at org.apache.catalina.core.StandardHostValve.status(StandardHostValve.java:301)
	at org.apache.catalina.core.StandardHostValve.invoke(StandardHostValve.java:178)
	at org.apache.catalina.valves.ErrorReportValve.invoke(ErrorReportValve.java:79)
	at org.apache.catalina.core.StandardEngineValve.invoke(StandardEngineValve.java:88)
	at org.apache.catalina.connector.CoyoteAdapter.service(CoyoteAdapter.java:502)
	at org.apache.coyote.ajp.AbstractAjpProcessor.process(AbstractAjpProcessor.java:877)
	at org.apache.coyote.AbstractProtocol$AbstractConnectionHandler.process(AbstractProtocol.java:684)
	at org.apache.tomcat.util.net.NioEndpoint$SocketProcessor.doRun(NioEndpoint.java:1539)
	at org.apache.tomcat.util.net.NioEndpoint$SocketProcessor.run(NioEndpoint.java:1495)
	at java.util.concurrent.ThreadPoolExecutor.runWorker(ThreadPoolExecutor.java:1145)
	at java.util.concurrent.ThreadPoolExecutor$Worker.run(ThreadPoolExecutor.java:615)
	at org.apache.tomcat.util.threads.TaskThread$WrappingRunnable.run(TaskThread.java:61)
	at java.lang.Thread.run(Thread.java:745)
Caused by: java.lang.ClassNotFoundException: org.apache.jsp.common.error_jsp
	at java.net.URLClassLoader$1.run(URLClassLoader.java:366)
	at java.net.URLClassLoader$1.run(URLClassLoader.java:355)
	at java.security.AccessController.doPrivileged(Native Method)
	at java.net.URLClassLoader.findClass(URLClassLoader.java:354)
	at org.apache.jasper.servlet.JasperLoader.loadClass(JasperLoader.java:131)
	at org.apache.jasper.servlet.JasperLoader.loadClass(JasperLoader.java:62)
	at org.apache.catalina.core.DefaultInstanceManager.newInstance(DefaultInstanceManager.java:127)
	at org.apache.jasper.servlet.JspServletWrapper.getServlet(JspServletWrapper.java:171)
	... 24 more

26-Feb-2021 19:18:26.850 심각 [ajp-nio-8878-exec-26] org.apache.catalina.core.StandardHostValve.custom Exception Processing ErrorPage[errorCode=404, location=/common/error.jsp]
 org.apache.jasper.JasperException: java.lang.ClassNotFoundException: org.apache.jsp.common.error_jsp
	at org.apache.jasper.servlet.JspServletWrapper.getServlet(JspServletWrapper.java:176)
	at org.apache.jasper.servlet.JspServletWrapper.service(JspServletWrapper.java:375)
	at org.apache.jasper.servlet.JspServlet.serviceJspFile(JspServlet.java:396)
	at org.apache.jasper.servlet.JspServlet.service(JspServlet.java:340)
	at javax.servlet.http.HttpServlet.service(HttpServlet.java:729)
	at org.apache.catalina.core.ApplicationFilterChain.internalDoFilter(ApplicationFilterChain.java:292)
	at org.apache.catalina.core.ApplicationFilterChain.doFilter(ApplicationFilterChain.java:207)
	at org.apache.catalina.core.ApplicationDispatcher.invoke(ApplicationDispatcher.java:716)
	at org.apache.catalina.core.ApplicationDispatcher.processRequest(ApplicationDispatcher.java:468)
	at org.apache.catalina.core.ApplicationDispatcher.doForward(ApplicationDispatcher.java:391)
	at org.apache.catalina.core.ApplicationDispatcher.forward(ApplicationDispatcher.java:318)
	at org.apache.catalina.core.StandardHostValve.custom(StandardHostValve.java:442)
	at org.apache.catalina.core.StandardHostValve.status(StandardHostValve.java:301)
	at org.apache.catalina.core.StandardHostValve.invoke(StandardHostValve.java:178)
	at org.apache.catalina.valves.ErrorReportValve.invoke(ErrorReportValve.java:79)
	at org.apache.catalina.core.StandardEngineValve.invoke(StandardEngineValve.java:88)
	at org.apache.catalina.connector.CoyoteAdapter.service(CoyoteAdapter.java:502)
	at org.apache.coyote.ajp.AbstractAjpProcessor.process(AbstractAjpProcessor.java:877)
	at org.apache.coyote.AbstractProtocol$AbstractConnectionHandler.process(AbstractProtocol.java:684)
	at org.apache.tomcat.util.net.NioEndpoint$SocketProcessor.doRun(NioEndpoint.java:1539)
	at org.apache.tomcat.util.net.NioEndpoint$SocketProcessor.run(NioEndpoint.java:1495)
	at java.util.concurrent.ThreadPoolExecutor.runWorker(ThreadPoolExecutor.java:1145)
	at java.util.concurrent.ThreadPoolExecutor$Worker.run(ThreadPoolExecutor.java:615)
	at org.apache.tomcat.util.threads.TaskThread$WrappingRunnable.run(TaskThread.java:61)
	at java.lang.Thread.run(Thread.java:745)
Caused by: java.lang.ClassNotFoundException: org.apache.jsp.common.error_jsp
	at java.net.URLClassLoader$1.run(URLClassLoader.java:366)
	at java.net.URLClassLoader$1.run(URLClassLoader.java:355)
	at java.security.AccessController.doPrivileged(Native Method)
	at java.net.URLClassLoader.findClass(URLClassLoader.java:354)
	at org.apache.jasper.servlet.JasperLoader.loadClass(JasperLoader.java:131)
	at org.apache.jasper.servlet.JasperLoader.loadClass(JasperLoader.java:62)
	at org.apache.catalina.core.DefaultInstanceManager.newInstance(DefaultInstanceManager.java:127)
	at org.apache.jasper.servlet.JspServletWrapper.getServlet(JspServletWrapper.java:171)
	... 24 more

26-Feb-2021 19:18:26.858 심각 [ajp-nio-8878-exec-50] org.apache.catalina.core.ApplicationDispatcher.invoke Servlet.service() for servlet jsp threw exception
 org.apache.jasper.JasperException: /common/error.jsp (line: 4, column: 0) java.io.FileNotFoundException: /www/phomein_com/www/WEB-INF/lib/spring-webmvc-4.3.16.RELEASE.jar (그런 파일이나 디렉터리가 없습니다)
	at org.apache.jasper.compiler.DefaultErrorHandler.jspError(DefaultErrorHandler.java:41)
	at org.apache.jasper.compiler.ErrorDispatcher.dispatch(ErrorDispatcher.java:275)
	at org.apache.jasper.compiler.ErrorDispatcher.jspError(ErrorDispatcher.java:91)
	at org.apache.jasper.compiler.Parser.processIncludeDirective(Parser.java:335)
	at org.apache.jasper.compiler.Parser.parseIncludeDirective(Parser.java:368)
	at org.apache.jasper.compiler.Parser.parseDirective(Parser.java:471)
	at org.apache.jasper.compiler.Parser.parseElements(Parser.java:1435)
	at org.apache.jasper.compiler.Parser.parse(Parser.java:139)
	at org.apache.jasper.compiler.ParserController.doParse(ParserController.java:227)
	at org.apache.jasper.compiler.ParserController.parse(ParserController.java:100)
	at org.apache.jasper.compiler.Compiler.generateJava(Compiler.java:201)
	at org.apache.jasper.compiler.Compiler.compile(Compiler.java:358)
	at org.apache.jasper.compiler.Compiler.compile(Compiler.java:338)
	at org.apache.jasper.compiler.Compiler.compile(Compiler.java:325)
	at org.apache.jasper.JspCompilationContext.compile(JspCompilationContext.java:586)
	at org.apache.jasper.servlet.JspServletWrapper.service(JspServletWrapper.java:363)
	at org.apache.jasper.servlet.JspServlet.serviceJspFile(JspServlet.java:396)
	at org.apache.jasper.servlet.JspServlet.service(JspServlet.java:340)
	at javax.servlet.http.HttpServlet.service(HttpServlet.java:729)
	at org.apache.catalina.core.ApplicationFilterChain.internalDoFilter(ApplicationFilterChain.java:292)
	at org.apache.catalina.core.ApplicationFilterChain.doFilter(ApplicationFilterChain.java:207)
	at org.apache.catalina.core.ApplicationDispatcher.invoke(ApplicationDispatcher.java:716)
	at org.apache.catalina.core.ApplicationDispatcher.processRequest(ApplicationDispatcher.java:468)
	at org.apache.catalina.core.ApplicationDispatcher.doForward(ApplicationDispatcher.java:391)
	at org.apache.catalina.core.ApplicationDispatcher.forward(ApplicationDispatcher.java:318)
	at org.apache.catalina.core.StandardHostValve.custom(StandardHostValve.java:442)
	at org.apache.catalina.core.StandardHostValve.status(StandardHostValve.java:301)
	at org.apache.catalina.core.StandardHostValve.invoke(StandardHostValve.java:178)
	at org.apache.catalina.valves.ErrorReportValve.invoke(ErrorReportValve.java:79)
	at org.apache.catalina.core.StandardEngineValve.invoke(StandardEngineValve.java:88)
	at org.apache.catalina.connector.CoyoteAdapter.service(CoyoteAdapter.java:502)
	at org.apache.coyote.ajp.AbstractAjpProcessor.process(AbstractAjpProcessor.java:877)
	at org.apache.coyote.AbstractProtocol$AbstractConnectionHandler.process(AbstractProtocol.java:684)
	at org.apache.tomcat.util.net.NioEndpoint$SocketProcessor.doRun(NioEndpoint.java:1539)
	at org.apache.tomcat.util.net.NioEndpoint$SocketProcessor.run(NioEndpoint.java:1495)
	at java.util.concurrent.ThreadPoolExecutor.runWorker(ThreadPoolExecutor.java:1145)
	at java.util.concurrent.ThreadPoolExecutor$Worker.run(ThreadPoolExecutor.java:615)
	at org.apache.tomcat.util.threads.TaskThread$WrappingRunnable.run(TaskThread.java:61)
	at java.lang.Thread.run(Thread.java:745)

26-Feb-2021 19:18:26.858 심각 [ajp-nio-8878-exec-50] org.apache.catalina.core.StandardHostValve.custom Exception Processing ErrorPage[errorCode=404, location=/common/error.jsp]
 org.apache.jasper.JasperException: /common/error.jsp (line: 4, column: 0) java.io.FileNotFoundException: /www/phomein_com/www/WEB-INF/lib/spring-webmvc-4.3.16.RELEASE.jar (그런 파일이나 디렉터리가 없습니다)
	at org.apache.jasper.compiler.DefaultErrorHandler.jspError(DefaultErrorHandler.java:41)
	at org.apache.jasper.compiler.ErrorDispatcher.dispatch(ErrorDispatcher.java:275)
	at org.apache.jasper.compiler.ErrorDispatcher.jspError(ErrorDispatcher.java:91)
	at org.apache.jasper.compiler.Parser.processIncludeDirective(Parser.java:335)
	at org.apache.jasper.compiler.Parser.parseIncludeDirective(Parser.java:368)
	at org.apache.jasper.compiler.Parser.parseDirective(Parser.java:471)
	at org.apache.jasper.compiler.Parser.parseElements(Parser.java:1435)
	at org.apache.jasper.compiler.Parser.parse(Parser.java:139)
	at org.apache.jasper.compiler.ParserController.doParse(ParserController.java:227)
	at org.apache.jasper.compiler.ParserController.parse(ParserController.java:100)
	at org.apache.jasper.compiler.Compiler.generateJava(Compiler.java:201)
	at org.apache.jasper.compiler.Compiler.compile(Compiler.java:358)
	at org.apache.jasper.compiler.Compiler.compile(Compiler.java:338)
	at org.apache.jasper.compiler.Compiler.compile(Compiler.java:325)
	at org.apache.jasper.JspCompilationContext.compile(JspCompilationContext.java:586)
	at org.apache.jasper.servlet.JspServletWrapper.service(JspServletWrapper.java:363)
	at org.apache.jasper.servlet.JspServlet.serviceJspFile(JspServlet.java:396)
	at org.apache.jasper.servlet.JspServlet.service(JspServlet.java:340)
	at javax.servlet.http.HttpServlet.service(HttpServlet.java:729)
	at org.apache.catalina.core.ApplicationFilterChain.internalDoFilter(ApplicationFilterChain.java:292)
	at org.apache.catalina.core.ApplicationFilterChain.doFilter(ApplicationFilterChain.java:207)
	at org.apache.catalina.core.ApplicationDispatcher.invoke(ApplicationDispatcher.java:716)
	at org.apache.catalina.core.ApplicationDispatcher.processRequest(ApplicationDispatcher.java:468)
	at org.apache.catalina.core.ApplicationDispatcher.doForward(ApplicationDispatcher.java:391)
	at org.apache.catalina.core.ApplicationDispatcher.forward(ApplicationDispatcher.java:318)
	at org.apache.catalina.core.StandardHostValve.custom(StandardHostValve.java:442)
	at org.apache.catalina.core.StandardHostValve.status(StandardHostValve.java:301)
	at org.apache.catalina.core.StandardHostValve.invoke(StandardHostValve.java:178)
	at org.apache.catalina.valves.ErrorReportValve.invoke(ErrorReportValve.java:79)
	at org.apache.catalina.core.StandardEngineValve.invoke(StandardEngineValve.java:88)
	at org.apache.catalina.connector.CoyoteAdapter.service(CoyoteAdapter.java:502)
	at org.apache.coyote.ajp.AbstractAjpProcessor.process(AbstractAjpProcessor.java:877)
	at org.apache.coyote.AbstractProtocol$AbstractConnectionHandler.process(AbstractProtocol.java:684)
	at org.apache.tomcat.util.net.NioEndpoint$SocketProcessor.doRun(NioEndpoint.java:1539)
	at org.apache.tomcat.util.net.NioEndpoint$SocketProcessor.run(NioEndpoint.java:1495)
	at java.util.concurrent.ThreadPoolExecutor.runWorker(ThreadPoolExecutor.java:1145)
	at java.util.concurrent.ThreadPoolExecutor$Worker.run(ThreadPoolExecutor.java:615)
	at org.apache.tomcat.util.threads.TaskThread$WrappingRunnable.run(TaskThread.java:61)
	at java.lang.Thread.run(Thread.java:745)

